2024-12-02 10:45:29 [INFO] Transactions initialized!
2024-12-02 10:45:29 [INFO] Creating new client: 6
2024-12-02 10:45:29 [WARN] Transaction 1001 not found in disputed transactions for client 6. Unable to resolve.
2024-12-02 10:45:29 [INFO] Creating new client: 3
2024-12-02 10:45:29 [INFO] Deposited $177.2400 to Client 3. New available balance: $177.2400
2024-12-02 10:45:29 [INFO] Deposit of $177.24 successful for client 3. New available balance: $177.24
2024-12-02 10:45:29 [INFO] Creating new client: 10
2024-12-02 10:45:29 [INFO] Deposited $153.9900 to Client 10. New available balance: $153.9900
2024-12-02 10:45:29 [INFO] Deposit of $153.99 successful for client 10. New available balance: $153.99
2024-12-02 10:45:29 [INFO] Creating new client: 5
2024-12-02 10:45:29 [WARN] Transaction 1004 not found in disputed transactions for client 5. Unable to resolve.
2024-12-02 10:45:29 [WARN] Transaction 1005 not found in disputed transactions for client 10. Unable to resolve.
2024-12-02 10:45:29 [ERROR] Sorry Santa, you've exceeded your limit for this client 5: Insufficient funds
2024-12-02 10:45:29 [INFO] Creating new client: 7
2024-12-02 10:45:29 [INFO] Deposited $150.2400 to Client 7. New available balance: $150.2400
2024-12-02 10:45:29 [INFO] Deposit of $150.24 successful for client 7. New available balance: $150.24
2024-12-02 10:45:29 [INFO] Creating new client: 1
2024-12-02 10:45:29 [ERROR] Sorry Santa, you've exceeded your limit for this client 1: Insufficient funds
2024-12-02 10:45:29 [ERROR] Sorry Santa, you've exceeded your limit for this client 3: Insufficient funds
2024-12-02 10:45:29 [INFO] Deposited $71.7900 to Client 1. New available balance: $71.7900
2024-12-02 10:45:29 [INFO] Deposit of $71.79 successful for client 1. New available balance: $71.79
2024-12-02 10:45:29 [WARN] Transaction 1011 not found in disputed transactions for client 6. Unable to resolve.
2024-12-02 10:45:29 [INFO] Creating new client: 2
2024-12-02 10:45:29 [INFO] Deposited $948.1100 to Client 2. New available balance: $948.1100
2024-12-02 10:45:29 [INFO] Deposit of $948.11 successful for client 2. New available balance: $948.11
2024-12-02 10:45:29 [INFO] Creating new client: 8
2024-12-02 10:45:29 [WARN] Transaction 1013 not found in disputed transactions for client 8. Unable to resolve.
2024-12-02 10:45:29 [INFO] Deposited $563.4300 to Client 5. New available balance: $563.4300
2024-12-02 10:45:29 [INFO] Deposit of $563.43 successful for client 5. New available balance: $563.43
2024-12-02 10:45:29 [INFO] Creating new client: 4
2024-12-02 10:45:29 [INFO] Deposited $217.5900 to Client 4. New available balance: $217.5900
2024-12-02 10:45:29 [INFO] Deposit of $217.59 successful for client 4. New available balance: $217.59
2024-12-02 10:45:29 [ERROR] Sorry Santa, you've exceeded your limit for this client 10: Insufficient funds
2024-12-02 10:45:29 [INFO] Dispute initiated for amount $177.2400 on transaction 1002. Held: $177.2400, Available: $0.0000
2024-12-02 10:45:29 [INFO] Dispute successful for client 3: $177.2400 moved to Held, Available balance is now $0.0000.
2024-12-02 10:45:29 [INFO] Creating new client: 9
2024-12-02 10:45:29 [WARN] Transaction 1018 not found in disputed transactions for client 9. Unable to resolve.
2024-12-02 10:45:29 [WARN] Error: Transaction ID 1019 not found for dispute.
2024-12-02 10:45:29 [WARN] Error: Transaction ID 1020 not found for dispute.
2024-12-02 10:45:29 [INFO] Resolved dispute for transaction 1002: Held -= 177.24, Available += 177.24
2024-12-02 10:45:29 [INFO] Transaction 1002 was resolved 3. Held funds are now available.
2024-12-02 10:45:29 [WARN] Transaction 1022 not found in disputed transactions for client 2. Unable to resolve.
2024-12-02 10:45:29 [INFO] Withdrawal of $706.7700 successful. Your new balance is: $241.3400
2024-12-02 10:45:29 [INFO] Withdrawal of $706.7700 successful for client 2. New available balance: $241.3400
2024-12-02 10:45:29 [WARN] Error: Transaction ID 1024 not found for dispute.
2024-12-02 10:45:29 [ERROR] Sorry Santa, you've exceeded your limit for this client 4: Insufficient funds
2024-12-02 10:45:29 [WARN] Transaction 1026 not found in disputed transactions for client 5. Unable to resolve.
2024-12-02 10:45:29 [INFO] Deposited $354.0300 to Client 7. New available balance: $504.2700
2024-12-02 10:45:29 [INFO] Deposit of $354.03 successful for client 7. New available balance: $504.27
2024-12-02 10:45:29 [INFO] Deposited $738.0700 to Client 1. New available balance: $809.8600
2024-12-02 10:45:29 [INFO] Deposit of $738.07 successful for client 1. New available balance: $809.86
2024-12-02 10:45:29 [WARN] Transaction 10 not found in disputed transactions for client 5. Unable to resolve.
2024-12-04 14:03:22 [INFO] Transactions initialized!
2024-12-04 14:03:22 [INFO] Creating new client: 6
2024-12-04 14:03:22 [WARN] Transaction 1001 not found in disputed transactions for client 6. Unable to resolve.
2024-12-04 14:03:22 [INFO] Creating new client: 3
2024-12-04 14:03:22 [INFO] Deposited $177.2400 to Client 3. New available balance: $177.2400
2024-12-04 14:03:22 [INFO] Deposit of $177.24 successful for client 3. New available balance: $177.24
2024-12-04 14:03:22 [INFO] Creating new client: 10
2024-12-04 14:03:22 [INFO] Deposited $153.9900 to Client 10. New available balance: $153.9900
2024-12-04 14:03:22 [INFO] Deposit of $153.99 successful for client 10. New available balance: $153.99
2024-12-04 14:03:22 [INFO] Creating new client: 5
2024-12-04 14:03:22 [WARN] Transaction 1004 not found in disputed transactions for client 5. Unable to resolve.
2024-12-04 14:03:22 [WARN] Transaction 1005 not found in disputed transactions for client 10. Unable to resolve.
2024-12-04 14:03:22 [ERROR] Sorry Santa, you've exceeded your limit for this client 5: Insufficient funds
2024-12-04 14:03:22 [INFO] Creating new client: 7
2024-12-04 14:03:22 [INFO] Deposited $150.2400 to Client 7. New available balance: $150.2400
2024-12-04 14:03:22 [INFO] Deposit of $150.24 successful for client 7. New available balance: $150.24
2024-12-04 14:03:22 [INFO] Creating new client: 1
2024-12-04 14:03:22 [ERROR] Sorry Santa, you've exceeded your limit for this client 1: Insufficient funds
2024-12-04 14:03:22 [ERROR] Sorry Santa, you've exceeded your limit for this client 3: Insufficient funds
2024-12-04 14:03:22 [INFO] Deposited $71.7900 to Client 1. New available balance: $71.7900
2024-12-04 14:03:22 [INFO] Deposit of $71.79 successful for client 1. New available balance: $71.79
2024-12-04 14:03:22 [WARN] Transaction 1011 not found in disputed transactions for client 6. Unable to resolve.
2024-12-04 14:03:22 [INFO] Creating new client: 2
2024-12-04 14:03:22 [INFO] Deposited $948.1100 to Client 2. New available balance: $948.1100
2024-12-04 14:03:22 [INFO] Deposit of $948.11 successful for client 2. New available balance: $948.11
2024-12-04 14:03:22 [INFO] Creating new client: 8
2024-12-04 14:03:22 [WARN] Transaction 1013 not found in disputed transactions for client 8. Unable to resolve.
2024-12-04 14:03:22 [INFO] Deposited $563.4300 to Client 5. New available balance: $563.4300
2024-12-04 14:03:22 [INFO] Deposit of $563.43 successful for client 5. New available balance: $563.43
2024-12-04 14:03:22 [INFO] Creating new client: 4
2024-12-04 14:03:22 [INFO] Deposited $217.5900 to Client 4. New available balance: $217.5900
2024-12-04 14:03:22 [INFO] Deposit of $217.59 successful for client 4. New available balance: $217.59
2024-12-04 14:03:22 [ERROR] Sorry Santa, you've exceeded your limit for this client 10: Insufficient funds
2024-12-04 14:03:22 [INFO] Dispute initiated for amount $177.2400 on transaction 1002. Held: $177.2400, Available: $0.0000
2024-12-04 14:03:22 [INFO] Dispute successful for client 3: $177.2400 moved to Held, Available balance is now $0.0000.
2024-12-04 14:03:22 [INFO] Creating new client: 9
2024-12-04 14:03:22 [WARN] Transaction 1018 not found in disputed transactions for client 9. Unable to resolve.
2024-12-04 14:03:22 [WARN] Error: Transaction ID 1019 not found for dispute.
2024-12-04 14:03:22 [WARN] Error: Transaction ID 1020 not found for dispute.
2024-12-04 14:03:22 [INFO] Resolved dispute for transaction 1002: Held -= 177.24, Available += 177.24
2024-12-04 14:03:22 [INFO] Transaction 1002 was resolved 3. Held funds are now available.
2024-12-04 14:03:22 [WARN] Transaction 1022 not found in disputed transactions for client 2. Unable to resolve.
2024-12-04 14:03:22 [INFO] Withdrawal of $706.7700 successful. Your new balance is: $241.3400
2024-12-04 14:03:22 [INFO] Withdrawal of $706.7700 successful for client 2. New available balance: $241.3400
2024-12-04 14:03:22 [WARN] Error: Transaction ID 1024 not found for dispute.
2024-12-04 14:03:22 [ERROR] Sorry Santa, you've exceeded your limit for this client 4: Insufficient funds
2024-12-04 14:03:22 [WARN] Transaction 1026 not found in disputed transactions for client 5. Unable to resolve.
2024-12-04 14:03:22 [INFO] Deposited $354.0300 to Client 7. New available balance: $504.2700
2024-12-04 14:03:22 [INFO] Deposit of $354.03 successful for client 7. New available balance: $504.27
2024-12-04 14:03:22 [INFO] Deposited $738.0700 to Client 1. New available balance: $809.8600
2024-12-04 14:03:22 [INFO] Deposit of $738.07 successful for client 1. New available balance: $809.86
2024-12-04 14:03:22 [WARN] Transaction 10 not found in disputed transactions for client 5. Unable to resolve.
2024-12-04 14:03:38 [INFO] Transactions initialized!
2024-12-04 14:03:38 [INFO] Creating new client: 6
2024-12-04 14:03:38 [WARN] Transaction 1001 not found in disputed transactions for client 6. Unable to resolve.
2024-12-04 14:03:38 [INFO] Creating new client: 3
2024-12-04 14:03:38 [INFO] Deposited $177.2400 to Client 3. New available balance: $177.2400
2024-12-04 14:03:38 [INFO] Deposit of $177.24 successful for client 3. New available balance: $177.24
2024-12-04 14:03:38 [INFO] Creating new client: 10
2024-12-04 14:03:38 [INFO] Deposited $153.9900 to Client 10. New available balance: $153.9900
2024-12-04 14:03:38 [INFO] Deposit of $153.99 successful for client 10. New available balance: $153.99
2024-12-04 14:03:38 [INFO] Creating new client: 5
2024-12-04 14:03:38 [WARN] Transaction 1004 not found in disputed transactions for client 5. Unable to resolve.
2024-12-04 14:03:38 [WARN] Transaction 1005 not found in disputed transactions for client 10. Unable to resolve.
2024-12-04 14:03:38 [ERROR] Sorry Santa, you've exceeded your limit for this client 5: Insufficient funds
2024-12-04 14:03:38 [INFO] Creating new client: 7
2024-12-04 14:03:38 [INFO] Deposited $150.2400 to Client 7. New available balance: $150.2400
2024-12-04 14:03:38 [INFO] Deposit of $150.24 successful for client 7. New available balance: $150.24
2024-12-04 14:03:38 [INFO] Creating new client: 1
2024-12-04 14:03:38 [ERROR] Sorry Santa, you've exceeded your limit for this client 1: Insufficient funds
2024-12-04 14:03:38 [ERROR] Sorry Santa, you've exceeded your limit for this client 3: Insufficient funds
2024-12-04 14:03:38 [INFO] Deposited $71.7900 to Client 1. New available balance: $71.7900
2024-12-04 14:03:38 [INFO] Deposit of $71.79 successful for client 1. New available balance: $71.79
2024-12-04 14:03:38 [WARN] Transaction 1011 not found in disputed transactions for client 6. Unable to resolve.
2024-12-04 14:03:38 [INFO] Creating new client: 2
2024-12-04 14:03:38 [INFO] Deposited $948.1100 to Client 2. New available balance: $948.1100
2024-12-04 14:03:38 [INFO] Deposit of $948.11 successful for client 2. New available balance: $948.11
2024-12-04 14:03:38 [INFO] Creating new client: 8
2024-12-04 14:03:38 [WARN] Transaction 1013 not found in disputed transactions for client 8. Unable to resolve.
2024-12-04 14:03:38 [INFO] Deposited $563.4300 to Client 5. New available balance: $563.4300
2024-12-04 14:03:38 [INFO] Deposit of $563.43 successful for client 5. New available balance: $563.43
2024-12-04 14:03:38 [INFO] Creating new client: 4
2024-12-04 14:03:38 [INFO] Deposited $217.5900 to Client 4. New available balance: $217.5900
2024-12-04 14:03:38 [INFO] Deposit of $217.59 successful for client 4. New available balance: $217.59
2024-12-04 14:03:38 [ERROR] Sorry Santa, you've exceeded your limit for this client 10: Insufficient funds
2024-12-04 14:03:38 [INFO] Dispute initiated for amount $177.2400 on transaction 1002. Held: $177.2400, Available: $0.0000
2024-12-04 14:03:38 [INFO] Dispute successful for client 3: $177.2400 moved to Held, Available balance is now $0.0000.
2024-12-04 14:03:38 [INFO] Creating new client: 9
2024-12-04 14:03:38 [WARN] Transaction 1018 not found in disputed transactions for client 9. Unable to resolve.
2024-12-04 14:03:38 [WARN] Error: Transaction ID 1019 not found for dispute.
2024-12-04 14:03:38 [WARN] Error: Transaction ID 1020 not found for dispute.
2024-12-04 14:03:38 [INFO] Resolved dispute for transaction 1002: Held -= 177.24, Available += 177.24
2024-12-04 14:03:38 [INFO] Transaction 1002 was resolved 3. Held funds are now available.
2024-12-04 14:03:38 [WARN] Transaction 1022 not found in disputed transactions for client 2. Unable to resolve.
2024-12-04 14:03:38 [INFO] Withdrawal of $706.7700 successful. Your new balance is: $241.3400
2024-12-04 14:03:38 [INFO] Withdrawal of $706.7700 successful for client 2. New available balance: $241.3400
2024-12-04 14:03:38 [WARN] Error: Transaction ID 1024 not found for dispute.
2024-12-04 14:03:38 [ERROR] Sorry Santa, you've exceeded your limit for this client 4: Insufficient funds
2024-12-04 14:03:38 [WARN] Transaction 1026 not found in disputed transactions for client 5. Unable to resolve.
2024-12-04 14:03:38 [INFO] Deposited $354.0300 to Client 7. New available balance: $504.2700
2024-12-04 14:03:38 [INFO] Deposit of $354.03 successful for client 7. New available balance: $504.27
2024-12-04 14:03:38 [INFO] Deposited $738.0700 to Client 1. New available balance: $809.8600
2024-12-04 14:03:38 [INFO] Deposit of $738.07 successful for client 1. New available balance: $809.86
2024-12-04 14:03:38 [WARN] Transaction 10 not found in disputed transactions for client 5. Unable to resolve.
